[debug] [2023-07-31T16:57:49.505Z] ----------------------------------------------------------------------
[debug] [2023-07-31T16:57:49.509Z] Command:       C:\Program Files\nodejs\node.exe C:\Users\USUARIO\AppData\Roaming\npm\node_modules\firebase-tools\lib\bin\firebase.js init hosting
[debug] [2023-07-31T16:57:49.510Z] CLI Version:   12.4.6
[debug] [2023-07-31T16:57:49.511Z] Platform:      win32
[debug] [2023-07-31T16:57:49.511Z] Node Version:  v18.15.0
[debug] [2023-07-31T16:57:49.512Z] Time:          Mon Jul 31 2023 13:57:49 GMT-0300 (Horário Padrão de Brasília)
[debug] [2023-07-31T16:57:49.512Z] ----------------------------------------------------------------------
[debug] 
[debug] [2023-07-31T16:57:49.527Z] > command requires scopes: ["email","openid","https://www.googleapis.com/auth/cloudplatformprojects.readonly","https://www.googleapis.com/auth/firebase","https://www.googleapis.com/auth/cloud-platform"]
[debug] [2023-07-31T16:57:49.528Z] > authorizing via signed-in user (lleeoking@gmail.com)
[info] 
     ######## #### ########  ######## ########     ###     ######  ########
     ##        ##  ##     ## ##       ##     ##  ##   ##  ##       ##
     ######    ##  ########  ######   ########  #########  ######  ######
     ##        ##  ##    ##  ##       ##     ## ##     ##       ## ##
     ##       #### ##     ## ######## ########  ##     ##  ######  ########

You're about to initialize a Firebase project in this directory:

  C:\Users\USUARIO\Desktop\CardapioWeb

[info] 
=== Project Setup
[info] 
[info] First, let's associate this project directory with a Firebase project.
[info] You can create multiple project aliases by running firebase use --add, 
[info] but for now we'll just set up a default project.
[info] 
[debug] [2023-07-31T16:57:55.284Z] >>> [apiv2][query] GET https://firebase.googleapis.com/v1beta1/projects pageSize=100
[debug] [2023-07-31T16:57:56.352Z] <<< [apiv2][status] GET https://firebase.googleapis.com/v1beta1/projects 200
[debug] [2023-07-31T16:57:56.352Z] <<< [apiv2][body] GET https://firebase.googleapis.com/v1beta1/projects [omitted]
[info] i  Using project cardapio-7f6f7 (Cardapio) 
[info] 
=== Hosting Setup
[info] 
[info] Your public directory is the folder (relative to your project directory) that
[info] will contain Hosting assets to be uploaded with firebase deploy. If you
[info] have a build process for your assets, use your build's output directory.
[info] 
[debug] [2023-07-31T16:58:13.957Z] >>> [apiv2][query] GET https://www.gstatic.com/firebasejs/releases.json [none]
[debug] [2023-07-31T16:58:14.117Z] <<< [apiv2][status] GET https://www.gstatic.com/firebasejs/releases.json 200
[debug] [2023-07-31T16:58:14.117Z] <<< [apiv2][body] GET https://www.gstatic.com/firebasejs/releases.json {"current":{"version":"10.1.0","browserURL":"https://www.gstatic.com/firebasejs/10.1.0/firebase.js","packageURL":"https://www.gstatic.com/firebasejs/10.1.0/firebase.tgz"},"live":{"version":"10.1","browserURL":"https://www.gstatic.com/firebasejs/live/10.1/firebase.js","packageURL":"https://www.gstatic.com/firebasejs/live/10.1/firebase.tgz"},"components":{"analytics":"https://www.gstatic.com/firebasejs/10.1.0/firebase-analytics.js","app":"https://www.gstatic.com/firebasejs/10.1.0/firebase-app.js","app-check":"https://www.gstatic.com/firebasejs/10.1.0/firebase-app-check.js","auth":"https://www.gstatic.com/firebasejs/10.1.0/firebase-auth.js","auth/cordova":"https://www.gstatic.com/firebasejs/10.1.0/firebase-auth/cordova.js","functions":"https://www.gstatic.com/firebasejs/10.1.0/firebase-functions.js","firestore":"https://www.gstatic.com/firebasejs/10.1.0/firebase-firestore.js","firestore/lite":"https://www.gstatic.com/firebasejs/10.1.0/firebase-firestore/lite.js","installations":"https://www.gstatic.com/firebasejs/10.1.0/firebase-installations.js","storage":"https://www.gstatic.com/firebasejs/10.1.0/firebase-storage.js","performance":"https://www.gstatic.com/firebasejs/10.1.0/firebase-performance.js","remote-config":"https://www.gstatic.com/firebasejs/10.1.0/firebase-remote-config.js","messaging":"https://www.gstatic.com/firebasejs/10.1.0/firebase-messaging.js","messaging/sw":"https://www.gstatic.com/firebasejs/10.1.0/firebase-messaging/sw.js","database":"https://www.gstatic.com/firebasejs/10.1.0/firebase-database.js","firestore.memory":"https://www.gstatic.com/firebasejs/10.1.0/firebase-firestore.memory.js"}}
[info] +  Wrote public/index.html 
[info] 
[info] i  Detected a .git folder at C:\Users\USUARIO\Desktop\CardapioWeb 
[info] i  Authorizing with GitHub to upload your service account to a GitHub repository's secrets store. 
[info] 
[info] Visit this URL on this device to log in:
[info] https://github.com/login/oauth/authorize?client_id=89cf50f02ac6aaed3484&state=7947062&redirect_uri=http%3A%2F%2Flocalhost%3A9005&scope=read%3Auser%20repo%20public_repo
[info] 
[info] Waiting for authentication...
[debug] [2023-07-31T16:58:27.561Z] >>> [apiv2][query] POST https://github.com/login/oauth/access_token [none]
[debug] [2023-07-31T16:58:27.562Z] >>> [apiv2][body] POST https://github.com/login/oauth/access_token [stream]
[debug] [2023-07-31T16:58:27.940Z] <<< [apiv2][status] POST https://github.com/login/oauth/access_token 200
[debug] [2023-07-31T16:58:27.940Z] <<< [apiv2][body] POST https://github.com/login/oauth/access_token {"access_token":"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","token_type":"bearer","scope":"read:user,repo"}
[debug] [2023-07-31T16:58:28.616Z] >>> [apiv2][query] GET https://api.github.com/user [none]
[debug] [2023-07-31T16:58:29.231Z] <<< [apiv2][status] GET https://api.github.com/user 200
[debug] [2023-07-31T16:58:29.231Z] <<< [apiv2][body] GET https://api.github.com/user {"login":"kinglleeo","id":45231828,"node_id":"MDQ6VXNlcjQ1MjMxODI4","avatar_url":"https://avatars.githubusercontent.com/u/45231828?v=4","gravatar_id":"","url":"https://api.github.com/users/kinglleeo","html_url":"https://github.com/kinglleeo","followers_url":"https://api.github.com/users/kinglleeo/followers","following_url":"https://api.github.com/users/kinglleeo/following{/other_user}","gists_url":"https://api.github.com/users/kinglleeo/gists{/gist_id}","starred_url":"https://api.github.com/users/kinglleeo/starred{/owner}{/repo}","subscriptions_url":"https://api.github.com/users/kinglleeo/subscriptions","organizations_url":"https://api.github.com/users/kinglleeo/orgs","repos_url":"https://api.github.com/users/kinglleeo/repos","events_url":"https://api.github.com/users/kinglleeo/events{/privacy}","received_events_url":"https://api.github.com/users/kinglleeo/received_events","type":"User","site_admin":false,"name":"leonardo adriano lauer","company":null,"blog":"","location":"santo antonio do sudoeste-PR-Brasil","email":null,"hireable":null,"bio":null,"twitter_username":null,"public_repos":1,"public_gists":0,"followers":0,"following":0,"created_at":"2018-11-21T11:43:40Z","updated_at":"2023-07-10T12:51:59Z","private_gists":0,"total_private_repos":11,"owned_private_repos":11,"disk_usage":55520,"collaborators":0,"two_factor_authentication":false,"plan":{"name":"free","space":976562499,"collaborators":0,"private_repos":10000}}
[info] 
[info] +  Success! Logged into GitHub as kinglleeo 
[info] 
[debug] [2023-07-31T16:59:05.490Z] >>> [apiv2][query] GET https://api.github.com/repos/main/actions/secrets/public-key type=owner
[debug] [2023-07-31T16:59:05.755Z] <<< [apiv2][status] GET https://api.github.com/repos/main/actions/secrets/public-key 404
[debug] [2023-07-31T16:59:05.756Z] <<< [apiv2][body] GET https://api.github.com/repos/main/actions/secrets/public-key {"message":"Not Found","documentation_url":"https://docs.github.com/rest"}
[info] 
[info] 
[error] !  The provided authorization cannot be used with this repository. If this repository is in an organization, did you remember to grant access? 
[info] 
[info] i  Action required: Visit this URL to ensure access has been granted to the appropriate organization(s) for the Firebase CLI GitHub OAuth App: 
[info] https://github.com/settings/connections/applications/89cf50f02ac6aaed3484
[info] 
[debug] [2023-07-31T16:59:27.340Z] >>> [apiv2][query] GET https://api.github.com/repos/user/actions/secrets/public-key type=owner
[debug] [2023-07-31T16:59:27.666Z] <<< [apiv2][status] GET https://api.github.com/repos/user/actions/secrets/public-key 404
[debug] [2023-07-31T16:59:27.667Z] <<< [apiv2][body] GET https://api.github.com/repos/user/actions/secrets/public-key {"message":"Not Found","documentation_url":"https://docs.github.com/rest"}
[info] 
[info] 
[error] !  The provided authorization cannot be used with this repository. If this repository is in an organization, did you remember to grant access? 
[info] 
[info] i  Action required: Visit this URL to ensure access has been granted to the appropriate organization(s) for the Firebase CLI GitHub OAuth App: 
[info] https://github.com/settings/connections/applications/89cf50f02ac6aaed3484
[info] 
[debug] [2023-07-31T17:00:14.801Z] >>> [apiv2][query] GET https://api.github.com/repos/leonardo/main/actions/secrets/public-key type=owner
[debug] [2023-07-31T17:00:15.064Z] <<< [apiv2][status] GET https://api.github.com/repos/leonardo/main/actions/secrets/public-key 404
[debug] [2023-07-31T17:00:15.065Z] <<< [apiv2][body] GET https://api.github.com/repos/leonardo/main/actions/secrets/public-key {"message":"Not Found","documentation_url":"https://docs.github.com/rest/actions/secrets#get-a-repository-public-key"}
[info] 
[info] 
[error] !  The provided authorization cannot be used with this repository. If this repository is in an organization, did you remember to grant access? 
[info] 
[info] i  Action required: Visit this URL to ensure access has been granted to the appropriate organization(s) for the Firebase CLI GitHub OAuth App: 
[info] https://github.com/settings/connections/applications/89cf50f02ac6aaed3484
[info] 
